
> quarryside-auto@0.1.0 build-storybook /home/user/www/quarryside-auto
> storybook build --output-dir\=/tmp/chromatic--49723-vdvscvgLHvw8

[1m@storybook/core v8.6.7
[22m
info => Cleaning outputDir: [36m../../../../tmp/chromatic--49723-vdvscvgLHvw8[39m
info => Loading presets
info => Building manager..
WARN unable to find package.json for radix-ui
info => Manager built ([38;2;181;126;229m149 ms[39m)
info => Building preview..
info Using tsconfig paths for react-docgen
WARN No story files found for the specified pattern: [34msrc/**/*.mdx[39m
[36mvite v6.2.2 [32mbuilding for production...[36m[39m
info => Copying static files: [36mpublic[39m at [36m../../../../tmp/chromatic--49723-vdvscvgLHvw8[39m
transforming...
[32m✓[39m 6308 modules transformed.
rendering chunks...
computing gzip size...
[2m../../../../tmp/chromatic--49723-vdvscvgLHvw8/[22m[32miframe.html                               [39m[1m[2m 17.75 kB[22m[1m[22m[2m │ gzip:   5.00 kB[22m
[2m../../../../tmp/chromatic--49723-vdvscvgLHvw8/[22m[2massets/[22m[35mpreview-DUt7sVlX.css               [39m[1m[2m 24.17 kB[22m[1m[22m[2m │ gzip:   5.29 kB[22m
[2m../../../../tmp/chromatic--49723-vdvscvgLHvw8/[22m[2massets/[22m[36mjsx-runtime-DoEZbXM1.js            [39m[1m[2m  0.07 kB[22m[1m[22m[2m │ gzip:   0.08 kB[22m
[2m../../../../tmp/chromatic--49723-vdvscvgLHvw8/[22m[2massets/[22m[36mpreview-D-n9_sjO.js                [39m[1m[2m  0.11 kB[22m[1m[22m[2m │ gzip:   0.11 kB[22m
[2m../../../../tmp/chromatic--49723-vdvscvgLHvw8/[22m[2massets/[22m[36mpreview-CGONVQV7.js                [39m[1m[2m  0.17 kB[22m[1m[22m[2m │ gzip:   0.16 kB[22m
[2m../../../../tmp/chromatic--49723-vdvscvgLHvw8/[22m[2massets/[22m[36mpreview-CvbIS5ZJ.js                [39m[1m[2m  0.18 kB[22m[1m[22m[2m │ gzip:   0.16 kB[22m
[2m../../../../tmp/chromatic--49723-vdvscvgLHvw8/[22m[2massets/[22m[36mindex-BTi9Ptp_.js                  [39m[1m[2m  0.42 kB[22m[1m[22m[2m │ gzip:   0.27 kB[22m
[2m../../../../tmp/chromatic--49723-vdvscvgLHvw8/[22m[2massets/[22m[36mpreview-DGUiP6tS.js                [39m[1m[2m  0.71 kB[22m[1m[22m[2m │ gzip:   0.50 kB[22m
[2m../../../../tmp/chromatic--49723-vdvscvgLHvw8/[22m[2massets/[22m[36mchunk-XP5HYGXS-D5tuasO7.js         [39m[1m[2m  0.72 kB[22m[1m[22m[2m │ gzip:   0.40 kB[22m
[2m../../../../tmp/chromatic--49723-vdvscvgLHvw8/[22m[2massets/[22m[36mjsx-runtime-Bw5QeaCk.js            [39m[1m[2m  0.72 kB[22m[1m[22m[2m │ gzip:   0.46 kB[22m
[2m../../../../tmp/chromatic--49723-vdvscvgLHvw8/[22m[2massets/[22m[36mindex-DrFu-skq.js                  [39m[1m[2m  0.77 kB[22m[1m[22m[2m │ gzip:   0.47 kB[22m
[2m../../../../tmp/chromatic--49723-vdvscvgLHvw8/[22m[2massets/[22m[36mpreview-Ba_cK4BF.js                [39m[1m[2m  0.92 kB[22m[1m[22m[2m │ gzip:   0.58 kB[22m
[2m../../../../tmp/chromatic--49723-vdvscvgLHvw8/[22m[2massets/[22m[36mpreview-DD_OYowb.js                [39m[1m[2m  3.51 kB[22m[1m[22m[2m │ gzip:   1.69 kB[22m
[2m../../../../tmp/chromatic--49723-vdvscvgLHvw8/[22m[2massets/[22m[36mindex-kPDDd9aO.js                  [39m[1m[2m  3.92 kB[22m[1m[22m[2m │ gzip:   1.54 kB[22m
[2m../../../../tmp/chromatic--49723-vdvscvgLHvw8/[22m[2massets/[22m[36mpreview-B8lJiyuQ.js                [39m[1m[2m  5.06 kB[22m[1m[22m[2m │ gzip:   1.88 kB[22m
[2m../../../../tmp/chromatic--49723-vdvscvgLHvw8/[22m[2massets/[22m[36mpreview-BWzBA1C2.js                [39m[1m[2m  7.62 kB[22m[1m[22m[2m │ gzip:   1.56 kB[22m
[2m../../../../tmp/chromatic--49723-vdvscvgLHvw8/[22m[2massets/[22m[36mindex-DYHupXuD.js                  [39m[1m[2m  8.04 kB[22m[1m[22m[2m │ gzip:   3.14 kB[22m
[2m../../../../tmp/chromatic--49723-vdvscvgLHvw8/[22m[2massets/[22m[36mpreview-BBWR9nbA.js                [39m[1m[2m  8.12 kB[22m[1m[22m[2m │ gzip:   3.10 kB[22m
[2m../../../../tmp/chromatic--49723-vdvscvgLHvw8/[22m[2massets/[22m[36mColor-YHDXOIA2-BIYw2VED.js         [39m[1m[2m 29.38 kB[22m[1m[22m[2m │ gzip:  11.06 kB[22m
[2m../../../../tmp/chromatic--49723-vdvscvgLHvw8/[22m[2massets/[22m[36mentry-preview-MP4fIlrW.js          [39m[1m[2m 30.07 kB[22m[1m[22m[2m │ gzip:   9.77 kB[22m
[2m../../../../tmp/chromatic--49723-vdvscvgLHvw8/[22m[2massets/[22m[36mindex-CXQShRbs.js                  [39m[1m[2m 53.73 kB[22m[1m[22m[2m │ gzip:  15.55 kB[22m
[2m../../../../tmp/chromatic--49723-vdvscvgLHvw8/[22m[2massets/[22m[36mpreview-C9Y86kNB.js                [39m[1m[2m149.69 kB[22m[1m[22m[2m │ gzip:  42.94 kB[22m
[2m../../../../tmp/chromatic--49723-vdvscvgLHvw8/[22m[2massets/[22m[36mreact-18-CGIZvf3q.js               [39m[1m[2m175.80 kB[22m[1m[22m[2m │ gzip:  55.64 kB[22m
[2m../../../../tmp/chromatic--49723-vdvscvgLHvw8/[22m[2massets/[22m[36miframe-B025Js96.js                 [39m[1m[2m211.97 kB[22m[1m[22m[2m │ gzip:  71.69 kB[22m
[2m../../../../tmp/chromatic--49723-vdvscvgLHvw8/[22m[2massets/[22m[36mentry-preview-docs-BFLSBODb.js     [39m[1m[2m247.07 kB[22m[1m[22m[2m │ gzip:  73.42 kB[22m
[2m../../../../tmp/chromatic--49723-vdvscvgLHvw8/[22m[2massets/[22m[36mButton.stories-CEVpVRG7.js         [39m[1m[2m483.90 kB[22m[1m[22m[2m │ gzip: 162.78 kB[22m
[2m../../../../tmp/chromatic--49723-vdvscvgLHvw8/[22m[2massets/[22m[36mindex-DhvbgntC.js                  [39m[1m[33m661.31 kB[39m[22m[2m │ gzip: 156.43 kB[22m
[2m../../../../tmp/chromatic--49723-vdvscvgLHvw8/[22m[2massets/[22m[36mDocsRenderer-CFRXHY34-CF6bi-B0.js  [39m[1m[33m883.05 kB[39m[22m[2m │ gzip: 274.61 kB[22m
[32m✓ built in 9.26s[39m
info => Preview built ([38;2;181;126;229m10 s[39m)
info => Output directory: /tmp/chromatic--49723-vdvscvgLHvw8
